<?xml version="1.0" encoding="UTF-8"?>
<testng-results skipped="0" failed="0" ignored="0" total="1" passed="1">
  <reporter-output>
  </reporter-output>
  <suite name="Default suite" duration-ms="9439" started-at="2018-04-17T19:19:11Z" finished-at="2018-04-17T19:19:20Z">
    <groups>
    </groups>
    <test name="Default test" duration-ms="9439" started-at="2018-04-17T19:19:11Z" finished-at="2018-04-17T19:19:20Z">
      <class name="testcases.LogginAplication">
        <test-method status="PASS" signature="login()[pri:0, instance:testcases.LogginAplication@26be92ad]" name="login" duration-ms="9414" started-at="2018-04-17T19:19:11Z" finished-at="2018-04-17T19:19:20Z">
          <reporter-output>
          </reporter-output>
        </test-method> <!-- login -->
      </class> <!-- testcases.LogginAplication -->
    </test> <!-- Default test -->
  </suite> <!-- Default suite -->
</testng-results>
